/home/shasvatmukes/miniconda2/lib/python2.7/site-packages/scipy/sparse/lil.py:16: RuntimeWarning: numpy.dtype size changed, may indicate binary incompatibility. Expected 96, got 88
  from . import _csparsetools
/home/shasvatmukes/miniconda2/lib/python2.7/site-packages/scipy/sparse/csgraph/__init__.py:165: RuntimeWarning: numpy.dtype size changed, may indicate binary incompatibility. Expected 96, got 88
  from ._shortest_path import shortest_path, floyd_warshall, dijkstra,\
/home/shasvatmukes/miniconda2/lib/python2.7/site-packages/scipy/sparse/csgraph/_validation.py:5: RuntimeWarning: numpy.dtype size changed, may indicate binary incompatibility. Expected 96, got 88
  from ._tools import csgraph_to_dense, csgraph_from_dense,\
/home/shasvatmukes/miniconda2/lib/python2.7/site-packages/scipy/sparse/csgraph/__init__.py:167: RuntimeWarning: numpy.dtype size changed, may indicate binary incompatibility. Expected 96, got 88
  from ._traversal import breadth_first_order, depth_first_order, \
/home/shasvatmukes/miniconda2/lib/python2.7/site-packages/scipy/sparse/csgraph/__init__.py:169: RuntimeWarning: numpy.dtype size changed, may indicate binary incompatibility. Expected 96, got 88
  from ._min_spanning_tree import minimum_spanning_tree
/home/shasvatmukes/miniconda2/lib/python2.7/site-packages/scipy/sparse/csgraph/__init__.py:170: RuntimeWarning: numpy.dtype size changed, may indicate binary incompatibility. Expected 96, got 88
  from ._reordering import reverse_cuthill_mckee, maximum_bipartite_matching, \
/home/shasvatmukes/miniconda2/lib/python2.7/site-packages/scipy/linalg/basic.py:17: RuntimeWarning: numpy.dtype size changed, may indicate binary incompatibility. Expected 96, got 88
  from ._solve_toeplitz import levinson
/home/shasvatmukes/miniconda2/lib/python2.7/site-packages/scipy/linalg/__init__.py:202: RuntimeWarning: numpy.dtype size changed, may indicate binary incompatibility. Expected 96, got 88
  from ._decomp_update import *
/home/shasvatmukes/miniconda2/lib/python2.7/site-packages/scipy/special/__init__.py:640: RuntimeWarning: numpy.dtype size changed, may indicate binary incompatibility. Expected 96, got 88
  from ._ufuncs import *
/home/shasvatmukes/miniconda2/lib/python2.7/site-packages/scipy/special/_ellip_harm.py:7: RuntimeWarning: numpy.dtype size changed, may indicate binary incompatibility. Expected 96, got 88
  from ._ellip_harm_2 import _ellipsoid, _ellipsoid_norm
/home/shasvatmukes/miniconda2/lib/python2.7/site-packages/scipy/optimize/_trlib/__init__.py:1: RuntimeWarning: numpy.dtype size changed, may indicate binary incompatibility. Expected 96, got 88
  from ._trlib import TRLIBQuadraticSubproblem
/home/shasvatmukes/miniconda2/lib/python2.7/site-packages/scipy/optimize/_numdiff.py:8: RuntimeWarning: numpy.dtype size changed, may indicate binary incompatibility. Expected 96, got 88
  from ._group_columns import group_dense, group_sparse
/home/shasvatmukes/miniconda2/lib/python2.7/site-packages/scipy/interpolate/_bsplines.py:9: RuntimeWarning: numpy.dtype size changed, may indicate binary incompatibility. Expected 96, got 88
  from . import _bspl
/home/shasvatmukes/miniconda2/lib/python2.7/site-packages/scipy/spatial/__init__.py:94: RuntimeWarning: numpy.dtype size changed, may indicate binary incompatibility. Expected 96, got 88
  from .ckdtree import *
/home/shasvatmukes/miniconda2/lib/python2.7/site-packages/scipy/spatial/__init__.py:95: RuntimeWarning: numpy.dtype size changed, may indicate binary incompatibility. Expected 96, got 88
  from .qhull import *
/home/shasvatmukes/miniconda2/lib/python2.7/site-packages/scipy/spatial/_spherical_voronoi.py:18: RuntimeWarning: numpy.dtype size changed, may indicate binary incompatibility. Expected 96, got 88
  from . import _voronoi
/home/shasvatmukes/miniconda2/lib/python2.7/site-packages/scipy/spatial/distance.py:121: RuntimeWarning: numpy.dtype size changed, may indicate binary incompatibility. Expected 96, got 88
  from . import _hausdorff
/home/shasvatmukes/miniconda2/lib/python2.7/site-packages/scipy/io/matlab/mio4.py:18: RuntimeWarning: numpy.dtype size changed, may indicate binary incompatibility. Expected 96, got 88
  from .mio_utils import squeeze_element, chars_to_strings
/home/shasvatmukes/miniconda2/lib/python2.7/site-packages/scipy/io/matlab/mio5.py:98: RuntimeWarning: numpy.dtype size changed, may indicate binary incompatibility. Expected 96, got 88
  from .mio5_utils import VarReader5
